d:\cpp_projects\vehicle_parking_project_new\x64\debug\vc143.pdb
d:\cpp_projects\vehicle_parking_project_new\x64\debug\vc143.idb
d:\cpp_projects\vehicle_parking_project_new\x64\debug\wrapper.obj
d:\cpp_projects\vehicle_parking_project_new\x64\debug\vehicle.obj
d:\cpp_projects\vehicle_parking_project_new\x64\debug\vacant_places.obj
d:\cpp_projects\vehicle_parking_project_new\x64\debug\transaction_info.obj
d:\cpp_projects\vehicle_parking_project_new\x64\debug\time.obj
d:\cpp_projects\vehicle_parking_project_new\x64\debug\main.obj
d:\cpp_projects\vehicle_parking_project_new\x64\debug\show_time.obj
d:\cpp_projects\vehicle_parking_project_new\x64\debug\show_all_vehicles.obj
d:\cpp_projects\vehicle_parking_project_new\x64\debug\payment_status.obj
d:\cpp_projects\vehicle_parking_project_new\x64\debug\parking_spot_1d.obj
d:\cpp_projects\vehicle_parking_project_new\x64\debug\minutes_format_duration.obj
d:\cpp_projects\vehicle_parking_project_new\x64\debug\hours_format_duration.obj
d:\cpp_projects\vehicle_parking_project_new\x64\debug\charge.obj
d:\cpp_projects\vehicle_parking_project_new\x64\debug\car.obj
d:\cpp_projects\vehicle_parking_project_new\x64\debug\bus.obj
d:\cpp_projects\vehicle_parking_project_new\x64\debug\bike.obj
d:\cpp_projects\vehicle_parking_project_new\x64\debug\user.obj
d:\cpp_projects\vehicle_parking_project_new\x64\debug\payment_processor.obj
d:\cpp_projects\vehicle_parking_project_new\x64\debug\logger.obj
d:\cpp_projects\vehicle_parking_project_new\x64\debug\admin.obj
d:\cpp_projects\vehicle_parking_project_new\x64\debug\vehicle_parking_project_new.exe
d:\cpp_projects\vehicle_parking_project_new\x64\debug\vehicle_parking_project_new.ilk
d:\cpp_projects\vehicle_parking_project_new\x64\debug\vehicle_parking_project_new.pdb
d:\cpp_projects\vehicle_parking_project_new\x64\debug\vehicle_.146d2e71.tlog\cl.command.1.tlog
d:\cpp_projects\vehicle_parking_project_new\x64\debug\vehicle_.146d2e71.tlog\cl.items.tlog
d:\cpp_projects\vehicle_parking_project_new\x64\debug\vehicle_.146d2e71.tlog\cl.read.1.tlog
d:\cpp_projects\vehicle_parking_project_new\x64\debug\vehicle_.146d2e71.tlog\cl.write.1.tlog
d:\cpp_projects\vehicle_parking_project_new\x64\debug\vehicle_.146d2e71.tlog\link.command.1.tlog
d:\cpp_projects\vehicle_parking_project_new\x64\debug\vehicle_.146d2e71.tlog\link.read.1.tlog
d:\cpp_projects\vehicle_parking_project_new\x64\debug\vehicle_.146d2e71.tlog\link.write.1.tlog
